2020.11.29 01:58:38 INFO  Started: Metals version 0.9.7 in workspace 'C:\Users\omokehinde\Documents\DjangoProjects\tweetme' for client vscode.
2020.11.29 01:58:38 INFO  time: initialize in 0.97s
2020.11.29 01:58:44 WARN  Build server is not auto-connectable.
2020.11.29 01:58:44 WARN  no build tool detected in workspace 'C:\Users\omokehinde\Documents\DjangoProjects\tweetme'. The most common cause for this problem is that the editor was opened in the wrong working directory, for example if you use sbt then the workspace directory should contain build.sbt. 
2020.11.30 23:35:47 INFO  Started: Metals version 0.9.7 in workspace 'C:\Users\omokehinde\Documents\DjangoProjects\tweetme' for client vscode.
2020.11.30 23:35:48 INFO  time: initialize in 0.97s
2020.11.30 23:37:38 WARN  Build server is not auto-connectable.
2020.11.30 23:37:38 WARN  no build tool detected in workspace 'C:\Users\omokehinde\Documents\DjangoProjects\tweetme'. The most common cause for this problem is that the editor was opened in the wrong working directory, for example if you use sbt then the workspace directory should contain build.sbt. 
Dec 01, 2020 12:10:54 AM org.eclipse.lsp4j.jsonrpc.services.GenericEndpoint notify
INFO: Unsupported notification method: $/setTraceNotification
2020.12.01 11:50:06 INFO  Started: Metals version 0.9.7 in workspace 'C:\Users\omokehinde\Documents\DjangoProjects\tweetme' for client vscode.
2020.12.01 11:50:08 INFO  time: initialize in 2.01s
2020.12.01 11:52:07 WARN  Build server is not auto-connectable.
2020.12.01 11:52:07 WARN  no build tool detected in workspace 'C:\Users\omokehinde\Documents\DjangoProjects\tweetme'. The most common cause for this problem is that the editor was opened in the wrong working directory, for example if you use sbt then the workspace directory should contain build.sbt. 
2020.12.01 15:08:17 INFO  Started: Metals version 0.9.7 in workspace 'C:\Users\omokehinde\Documents\DjangoProjects\tweetme' for client vscode.
2020.12.01 15:08:24 INFO  time: initialize in 6.68s
2020.12.01 15:10:01 WARN  Build server is not auto-connectable.
2020.12.01 15:10:01 WARN  no build tool detected in workspace 'C:\Users\omokehinde\Documents\DjangoProjects\tweetme'. The most common cause for this problem is that the editor was opened in the wrong working directory, for example if you use sbt then the workspace directory should contain build.sbt. 
2020.12.10 11:32:54 INFO  Started: Metals version 0.9.7 in workspace 'C:\Users\omokehinde\Documents\DjangoProjects\tweetme' for client vscode.
2020.12.10 11:32:56 INFO  time: initialize in 1.5s
2020.12.10 11:35:20 WARN  Build server is not auto-connectable.
2020.12.10 11:35:20 WARN  no build tool detected in workspace 'C:\Users\omokehinde\Documents\DjangoProjects\tweetme'. The most common cause for this problem is that the editor was opened in the wrong working directory, for example if you use sbt then the workspace directory should contain build.sbt. 
2020.12.11 07:18:08 INFO  Started: Metals version 0.9.7 in workspace 'C:\Users\omokehinde\Documents\DjangoProjects\tweetme' for client vscode.
2020.12.11 07:18:11 INFO  time: initialize in 2.1s
2020.12.11 07:18:17 WARN  Build server is not auto-connectable.
2020.12.11 07:18:17 WARN  no build tool detected in workspace 'C:\Users\omokehinde\Documents\DjangoProjects\tweetme'. The most common cause for this problem is that the editor was opened in the wrong working directory, for example if you use sbt then the workspace directory should contain build.sbt. 
Dec 16, 2020 11:55:44 PM org.eclipse.lsp4j.jsonrpc.services.GenericEndpoint notify
INFO: Unsupported notification method: $/setTraceNotification
2021.01.07 15:12:57 INFO  Started: Metals version 0.9.8 in workspace 'C:\Users\omokehinde\Documents\DjangoProjects\tweetme' for client vscode.
2021.01.07 15:12:58 INFO  time: initialize in 1.13s
2021.01.07 15:13:05 WARN  Build server is not auto-connectable.
2021.01.07 15:13:05 WARN  no build tool detected in workspace 'C:\Users\omokehinde\Documents\DjangoProjects\tweetme'. The most common cause for this problem is that the editor was opened in the wrong working directory, for example if you use sbt then the workspace directory should contain build.sbt. 
2021.01.28 00:47:29 INFO  shutting down Metals
[0m2021.02.02 09:15:07 INFO  Started: Metals version 0.9.10 in workspace 'C:\Users\omokehinde\Documents\DjangoProjects\tweetme' for client vscode 1.52.1.[0m
[0m2021.02.02 09:15:09 INFO  time: initialize in 1.37s[0m
[0m2021.02.02 09:15:16 WARN  resetting database: C:\Users\omokehinde\Documents\DjangoProjects\tweetme\.metals\metals.h2.db[0m
[0m2021.02.02 09:15:18 WARN  Build server is not auto-connectable.[0m
[0m2021.02.02 09:15:18 WARN  no build tool detected in workspace 'C:\Users\omokehinde\Documents\DjangoProjects\tweetme'. The most common cause for this problem is that the editor was opened in the wrong working directory, for example if you use sbt then the workspace directory should contain build.sbt. [0m
